0 info it worked if it ends with ok
1 verbose cli [ 'node',
1 verbose cli   '/usr/local/bin/npm',
1 verbose cli   'install',
1 verbose cli   'gulp-sass',
1 verbose cli   'gulp-autoprefixer',
1 verbose cli   'gulp-uglify-css',
1 verbose cli   '--save-dev' ]
2 info using npm@1.4.28
3 info using node@v0.10.33
4 verbose readDependencies using package.json deps
5 verbose cache add [ 'gulp-sass', null ]
6 verbose cache add name=undefined spec="gulp-sass" args=["gulp-sass",null]
7 verbose parsed url { protocol: null,
7 verbose parsed url   slashes: null,
7 verbose parsed url   auth: null,
7 verbose parsed url   host: null,
7 verbose parsed url   port: null,
7 verbose parsed url   hostname: null,
7 verbose parsed url   hash: null,
7 verbose parsed url   search: null,
7 verbose parsed url   query: null,
7 verbose parsed url   pathname: 'gulp-sass',
7 verbose parsed url   path: 'gulp-sass',
7 verbose parsed url   href: 'gulp-sass' }
8 verbose cache add [ 'gulp-autoprefixer', null ]
9 verbose cache add name=undefined spec="gulp-autoprefixer" args=["gulp-autoprefixer",null]
10 verbose parsed url { protocol: null,
10 verbose parsed url   slashes: null,
10 verbose parsed url   auth: null,
10 verbose parsed url   host: null,
10 verbose parsed url   port: null,
10 verbose parsed url   hostname: null,
10 verbose parsed url   hash: null,
10 verbose parsed url   search: null,
10 verbose parsed url   query: null,
10 verbose parsed url   pathname: 'gulp-autoprefixer',
10 verbose parsed url   path: 'gulp-autoprefixer',
10 verbose parsed url   href: 'gulp-autoprefixer' }
11 verbose cache add [ 'gulp-uglify-css', null ]
12 verbose cache add name=undefined spec="gulp-uglify-css" args=["gulp-uglify-css",null]
13 verbose parsed url { protocol: null,
13 verbose parsed url   slashes: null,
13 verbose parsed url   auth: null,
13 verbose parsed url   host: null,
13 verbose parsed url   port: null,
13 verbose parsed url   hostname: null,
13 verbose parsed url   hash: null,
13 verbose parsed url   search: null,
13 verbose parsed url   query: null,
13 verbose parsed url   pathname: 'gulp-uglify-css',
13 verbose parsed url   path: 'gulp-uglify-css',
13 verbose parsed url   href: 'gulp-uglify-css' }
14 silly lockFile 993318e6-gulp-sass gulp-sass
15 verbose lock gulp-sass /Users/lucaadalbertovandro/.npm/993318e6-gulp-sass.lock
16 silly lockFile 1367cca4-gulp-autoprefixer gulp-autoprefixer
17 verbose lock gulp-autoprefixer /Users/lucaadalbertovandro/.npm/1367cca4-gulp-autoprefixer.lock
18 silly lockFile 7009e91b-gulp-uglify-css gulp-uglify-css
19 verbose lock gulp-uglify-css /Users/lucaadalbertovandro/.npm/7009e91b-gulp-uglify-css.lock
20 silly lockFile 993318e6-gulp-sass gulp-sass
21 silly lockFile 993318e6-gulp-sass gulp-sass
22 silly lockFile 1367cca4-gulp-autoprefixer gulp-autoprefixer
23 silly lockFile 1367cca4-gulp-autoprefixer gulp-autoprefixer
24 silly lockFile 7009e91b-gulp-uglify-css gulp-uglify-css
25 silly lockFile 7009e91b-gulp-uglify-css gulp-uglify-css
26 verbose addNamed [ 'gulp-sass', '' ]
27 verbose addNamed [ null, '*' ]
28 silly lockFile 59b5e58d-gulp-sass gulp-sass@
29 verbose lock gulp-sass@ /Users/lucaadalbertovandro/.npm/59b5e58d-gulp-sass.lock
30 verbose addNamed [ 'gulp-autoprefixer', '' ]
31 verbose addNamed [ null, '*' ]
32 silly lockFile e459a000-gulp-autoprefixer gulp-autoprefixer@
33 verbose lock gulp-autoprefixer@ /Users/lucaadalbertovandro/.npm/e459a000-gulp-autoprefixer.lock
34 verbose addNamed [ 'gulp-uglify-css', '' ]
35 verbose addNamed [ null, '*' ]
36 silly lockFile 8ceb70c3-gulp-uglify-css gulp-uglify-css@
37 verbose lock gulp-uglify-css@ /Users/lucaadalbertovandro/.npm/8ceb70c3-gulp-uglify-css.lock
38 silly addNameRange { name: 'gulp-sass', range: '*', hasData: false }
39 silly addNameRange { name: 'gulp-autoprefixer', range: '*', hasData: false }
40 silly addNameRange { name: 'gulp-uglify-css', range: '*', hasData: false }
41 verbose request where is /gulp-uglify-css
42 verbose request registry https://registry.npmjs.org/
43 verbose request id 4b98e14c5559a03b
44 verbose url raw /gulp-uglify-css
45 verbose url resolving [ 'https://registry.npmjs.org/', './gulp-uglify-css' ]
46 verbose url resolved https://registry.npmjs.org/gulp-uglify-css
47 verbose request where is https://registry.npmjs.org/gulp-uglify-css
48 info trying registry request attempt 1 at 05:02:33
49 http GET https://registry.npmjs.org/gulp-uglify-css
50 verbose request where is /gulp-autoprefixer
51 verbose request registry https://registry.npmjs.org/
52 verbose url raw /gulp-autoprefixer
53 verbose url resolving [ 'https://registry.npmjs.org/', './gulp-autoprefixer' ]
54 verbose url resolved https://registry.npmjs.org/gulp-autoprefixer
55 verbose request where is https://registry.npmjs.org/gulp-autoprefixer
56 info trying registry request attempt 1 at 05:02:33
57 verbose etag "2OGBK18X20CL1WXZUL6E85QHA"
58 http GET https://registry.npmjs.org/gulp-autoprefixer
59 verbose request where is /gulp-sass
60 verbose request registry https://registry.npmjs.org/
61 verbose url raw /gulp-sass
62 verbose url resolving [ 'https://registry.npmjs.org/', './gulp-sass' ]
63 verbose url resolved https://registry.npmjs.org/gulp-sass
64 verbose request where is https://registry.npmjs.org/gulp-sass
65 info trying registry request attempt 1 at 05:02:33
66 verbose etag "97MBSM9XHOAURKYQSRCR8FIV1"
67 http GET https://registry.npmjs.org/gulp-sass
68 http 304 https://registry.npmjs.org/gulp-autoprefixer
69 silly registry.get cb [ 304,
69 silly registry.get   { date: 'Sat, 22 Nov 2014 04:02:33 GMT',
69 silly registry.get     server: 'Apache',
69 silly registry.get     via: '1.1 varnish',
69 silly registry.get     'last-modified': 'Sat, 22 Nov 2014 04:02:33 GMT',
69 silly registry.get     'cache-control': 'max-age=60',
69 silly registry.get     etag: '"2OGBK18X20CL1WXZUL6E85QHA"',
69 silly registry.get     age: '20',
69 silly registry.get     'x-served-by': 'cache-ams4121-AMS',
69 silly registry.get     'x-cache': 'HIT',
69 silly registry.get     'x-cache-hits': '1',
69 silly registry.get     'x-timer': 'S1416628953.936621,VS0,VE0',
69 silly registry.get     vary: 'Accept',
69 silly registry.get     'content-length': '0',
69 silly registry.get     'keep-alive': 'timeout=10, max=50',
69 silly registry.get     connection: 'Keep-Alive' } ]
70 verbose etag https://registry.npmjs.org/gulp-autoprefixer from cache
71 http 304 https://registry.npmjs.org/gulp-sass
72 silly registry.get cb [ 304,
72 silly registry.get   { date: 'Sat, 22 Nov 2014 04:02:33 GMT',
72 silly registry.get     server: 'Apache',
72 silly registry.get     via: '1.1 varnish',
72 silly registry.get     'last-modified': 'Sat, 22 Nov 2014 04:02:33 GMT',
72 silly registry.get     'cache-control': 'max-age=60',
72 silly registry.get     etag: '"97MBSM9XHOAURKYQSRCR8FIV1"',
72 silly registry.get     age: '20',
72 silly registry.get     'x-served-by': 'cache-ams4144-AMS',
72 silly registry.get     'x-cache': 'HIT',
72 silly registry.get     'x-cache-hits': '1',
72 silly registry.get     'x-timer': 'S1416628953.942959,VS0,VE0',
72 silly registry.get     vary: 'Accept',
72 silly registry.get     'content-length': '0',
72 silly registry.get     'keep-alive': 'timeout=10, max=50',
72 silly registry.get     connection: 'Keep-Alive' } ]
73 verbose etag https://registry.npmjs.org/gulp-sass from cache
74 silly addNameRange number 2 { name: 'gulp-autoprefixer', range: '*', hasData: true }
75 silly addNameRange versions [ 'gulp-autoprefixer',
75 silly addNameRange   [ '0.0.1',
75 silly addNameRange     '0.0.2',
75 silly addNameRange     '0.0.3',
75 silly addNameRange     '0.0.4',
75 silly addNameRange     '0.0.5',
75 silly addNameRange     '0.0.6',
75 silly addNameRange     '0.0.7',
75 silly addNameRange     '0.0.8',
75 silly addNameRange     '0.0.9',
75 silly addNameRange     '0.0.10',
75 silly addNameRange     '1.0.0',
75 silly addNameRange     '1.0.1',
75 silly addNameRange     '2.0.0' ] ]
76 verbose addNamed [ 'gulp-autoprefixer', '2.0.0' ]
77 verbose addNamed [ '2.0.0', '2.0.0' ]
78 silly lockFile f9a608cf-gulp-autoprefixer-2-0-0 gulp-autoprefixer@2.0.0
79 verbose lock gulp-autoprefixer@2.0.0 /Users/lucaadalbertovandro/.npm/f9a608cf-gulp-autoprefixer-2-0-0.lock
80 silly addNameRange number 2 { name: 'gulp-sass', range: '*', hasData: true }
81 silly addNameRange versions [ 'gulp-sass',
81 silly addNameRange   [ '0.1.0',
81 silly addNameRange     '0.2.1',
81 silly addNameRange     '0.2.2',
81 silly addNameRange     '0.2.3',
81 silly addNameRange     '0.3.0',
81 silly addNameRange     '0.4.0',
81 silly addNameRange     '0.4.1',
81 silly addNameRange     '0.5.0',
81 silly addNameRange     '0.5.1',
81 silly addNameRange     '0.5.2',
81 silly addNameRange     '0.6.0',
81 silly addNameRange     '0.7.0',
81 silly addNameRange     '0.7.1',
81 silly addNameRange     '0.7.2',
81 silly addNameRange     '0.7.3',
81 silly addNameRange     '1.0.0',
81 silly addNameRange     '1.1.0',
81 silly addNameRange     '1.2.0',
81 silly addNameRange     '1.2.1',
81 silly addNameRange     '1.2.2',
81 silly addNameRange     '1.2.3' ] ]
82 verbose addNamed [ 'gulp-sass', '1.1.0' ]
83 verbose addNamed [ '1.1.0', '1.1.0' ]
84 silly lockFile 62bf0651-gulp-sass-1-1-0 gulp-sass@1.1.0
85 verbose lock gulp-sass@1.1.0 /Users/lucaadalbertovandro/.npm/62bf0651-gulp-sass-1-1-0.lock
86 silly lockFile f9a608cf-gulp-autoprefixer-2-0-0 gulp-autoprefixer@2.0.0
87 silly lockFile f9a608cf-gulp-autoprefixer-2-0-0 gulp-autoprefixer@2.0.0
88 silly lockFile 62bf0651-gulp-sass-1-1-0 gulp-sass@1.1.0
89 silly lockFile 62bf0651-gulp-sass-1-1-0 gulp-sass@1.1.0
90 silly lockFile e459a000-gulp-autoprefixer gulp-autoprefixer@
91 silly lockFile e459a000-gulp-autoprefixer gulp-autoprefixer@
92 silly lockFile 59b5e58d-gulp-sass gulp-sass@
93 silly lockFile 59b5e58d-gulp-sass gulp-sass@
94 http 404 https://registry.npmjs.org/gulp-uglify-css
95 verbose headers { date: 'Sat, 22 Nov 2014 04:02:34 GMT',
95 verbose headers   server: 'CouchDB/1.5.0 (Erlang OTP/R16B03)',
95 verbose headers   'content-type': 'application/json',
95 verbose headers   'cache-control': 'max-age=0',
95 verbose headers   'content-length': '52',
95 verbose headers   'accept-ranges': 'bytes',
95 verbose headers   via: '1.1 varnish',
95 verbose headers   age: '0',
95 verbose headers   'x-served-by': 'cache-ams4127-AMS',
95 verbose headers   'x-cache': 'MISS',
95 verbose headers   'x-cache-hits': '0',
95 verbose headers   'x-timer': 'S1416628953.925054,VS0,VE666',
95 verbose headers   'keep-alive': 'timeout=10, max=50',
95 verbose headers   connection: 'Keep-Alive' }
96 silly registry.get cb [ 404,
96 silly registry.get   { date: 'Sat, 22 Nov 2014 04:02:34 GMT',
96 silly registry.get     server: 'CouchDB/1.5.0 (Erlang OTP/R16B03)',
96 silly registry.get     'content-type': 'application/json',
96 silly registry.get     'cache-control': 'max-age=0',
96 silly registry.get     'content-length': '52',
96 silly registry.get     'accept-ranges': 'bytes',
96 silly registry.get     via: '1.1 varnish',
96 silly registry.get     age: '0',
96 silly registry.get     'x-served-by': 'cache-ams4127-AMS',
96 silly registry.get     'x-cache': 'MISS',
96 silly registry.get     'x-cache-hits': '0',
96 silly registry.get     'x-timer': 'S1416628953.925054,VS0,VE666',
96 silly registry.get     'keep-alive': 'timeout=10, max=50',
96 silly registry.get     connection: 'Keep-Alive' } ]
97 silly lockFile 8ceb70c3-gulp-uglify-css gulp-uglify-css@
98 silly lockFile 8ceb70c3-gulp-uglify-css gulp-uglify-css@
99 error 404 404 Not Found: gulp-uglify-css
99 error 404
99 error 404 'gulp-uglify-css' is not in the npm registry.
99 error 404 You should bug the author to publish it
99 error 404 It was specified as a dependency of 'PageLoadingEffects'
99 error 404
99 error 404 Note that you can also install from a
99 error 404 tarball, folder, or http url, or git url.
100 error System Darwin 13.4.0
101 error command "node" "/usr/local/bin/npm" "install" "gulp-sass" "gulp-autoprefixer" "gulp-uglify-css" "--save-dev"
102 error cwd /Users/lucaadalbertovandro/git/github/PageLoadingEffects
103 error node -v v0.10.33
104 error npm -v 1.4.28
105 error code E404
106 verbose exit [ 1, true ]
